<?xml version="1.0" encoding="UTF-8"?>
<!-- Generated by org.testng.reporters.JUnitXMLReporter -->
<testsuite ignored="10" hostname="DESKTOP-GVELL70" failures="1" tests="9" name="Getstarted" time="35.188" errors="0" timestamp="2022-07-19T00:25:06 CDT">
  <testcase classname="com.dsalgo1.testCases.GetstartedPage_TC1" name="GetstartedTest" time="1.059">
    <failure type="java.lang.AssertionError" message="expected [true] but found [false]">
      <![CDATA[java.lang.AssertionError: expected [true] but found [false]
at com.dsalgo1.testCases.GetstartedPage_TC1.GetstartedTest(GetstartedPage_TC1.java:35)
at java.base/java.util.ArrayList.forEach(ArrayList.java:1511)
... Removed 31 stack frames]]>
    </failure>
  </testcase> <!-- GetstartedTest -->
  <testcase classname="com.dsalgo1.testCases.Homepage_TC1" name="HomePageTest" time="0.245"/>
  <testcase classname="com.dsalgo1.testCases.Registerpage_TC1" name="RegisterpageTest" time="0.357"/>
  <testcase classname="com.dsalgo1.testCases.Loginpage_TC1" name="LoginpageTest" time="0.488"/>
  <testcase classname="com.dsalgo1.testCases.Loginpage_TC1" name="LoginpageTest" time="0.513"/>
  <testcase classname="com.dsalgo1.testCases.Loginpage_TC1" name="LoginpageTest" time="0.846"/>
  <testcase classname="com.dsalgo1.testCases.Loginpage_TC1" name="Loginvalidity" time="0.046"/>
  <testcase classname="com.dsalgo1.testCases.LinkedlistPage_TC1" name="LinkedlistPageTest" time="6.238"/>
  <testcase classname="com.dsalgo1.testCases.Stackpage_TC1" name="StackpageTest" time="2.473"/>
  <testcase classname="com.dsalgo1.testCases.Baseclass" name="@AfterTest tearDown" time="0.0">
    <ignored/>
  </testcase> <!-- @AfterTest tearDown -->
  <testcase classname="com.dsalgo1.testCases.Baseclass" name="@AfterTest tearDown" time="0.0">
    <ignored/>
  </testcase> <!-- @AfterTest tearDown -->
  <testcase classname="com.dsalgo1.testCases.Baseclass" name="@AfterTest tearDown" time="0.0">
    <ignored/>
  </testcase> <!-- @AfterTest tearDown -->
  <testcase classname="com.dsalgo1.testCases.Baseclass" name="@AfterTest tearDown" time="0.0">
    <ignored/>
  </testcase> <!-- @AfterTest tearDown -->
  <testcase classname="com.dsalgo1.testCases.Baseclass" name="@AfterTest tearDown" time="0.0">
    <ignored/>
  </testcase> <!-- @AfterTest tearDown -->
  <testcase classname="com.dsalgo1.testCases.Baseclass" name="@BeforeTest Startbrowser" time="0.0">
    <ignored/>
  </testcase> <!-- @BeforeTest Startbrowser -->
  <testcase classname="com.dsalgo1.testCases.Baseclass" name="@BeforeTest Startbrowser" time="0.0">
    <ignored/>
  </testcase> <!-- @BeforeTest Startbrowser -->
  <testcase classname="com.dsalgo1.testCases.Baseclass" name="@BeforeTest Startbrowser" time="0.0">
    <ignored/>
  </testcase> <!-- @BeforeTest Startbrowser -->
  <testcase classname="com.dsalgo1.testCases.Baseclass" name="@BeforeTest Startbrowser" time="0.0">
    <ignored/>
  </testcase> <!-- @BeforeTest Startbrowser -->
  <testcase classname="com.dsalgo1.testCases.Baseclass" name="@BeforeTest Startbrowser" time="0.0">
    <ignored/>
  </testcase> <!-- @BeforeTest Startbrowser -->
</testsuite> <!-- Getstarted -->
