<?xml version="1.0" encoding="UTF-8"?>
<!-- Generated by org.testng.reporters.JUnitXMLReporter -->
<testsuite ignored="10" hostname="DESKTOP-GVELL70" failures="0" tests="9" name="Getstarted" time="43.275" errors="0" timestamp="2022-07-08T00:33:11 CDT">
  <testcase classname="com.dsalgo1.testCases.GetstartedPage_TC1" name="GetstartedTest" time="1.636"/>
  <testcase classname="com.dsalgo1.testCases.Homepage_TC1" name="HomePageTest" time="0.424"/>
  <testcase classname="com.dsalgo1.testCases.Registerpage_TC1" name="RegisterpageTest" time="1.015"/>
  <testcase classname="com.dsalgo1.testCases.Loginpage_TC1" name="LoginpageTest" time="0.787"/>
  <testcase classname="com.dsalgo1.testCases.Loginpage_TC1" name="LoginpageTest" time="0.697"/>
  <testcase classname="com.dsalgo1.testCases.Loginpage_TC1" name="LoginpageTest" time="1.137"/>
  <testcase classname="com.dsalgo1.testCases.Loginpage_TC1" name="Loginvalidity" time="0.106"/>
  <testcase classname="com.dsalgo1.testCases.LinkedlistPage_TC1" name="LinkedlistPageTest" time="11.086"/>
  <testcase classname="com.dsalgo1.testCases.Stackpage_TC1" name="StackpageTest" time="4.563"/>
  <testcase classname="com.dsalgo1.testCases.Baseclass" name="@AfterTest tearDown" time="0.0">
    <ignored/>
  </testcase> <!-- @AfterTest tearDown -->
  <testcase classname="com.dsalgo1.testCases.Baseclass" name="@AfterTest tearDown" time="0.0">
    <ignored/>
  </testcase> <!-- @AfterTest tearDown -->
  <testcase classname="com.dsalgo1.testCases.Baseclass" name="@AfterTest tearDown" time="0.0">
    <ignored/>
  </testcase> <!-- @AfterTest tearDown -->
  <testcase classname="com.dsalgo1.testCases.Baseclass" name="@AfterTest tearDown" time="0.0">
    <ignored/>
  </testcase> <!-- @AfterTest tearDown -->
  <testcase classname="com.dsalgo1.testCases.Baseclass" name="@AfterTest tearDown" time="0.0">
    <ignored/>
  </testcase> <!-- @AfterTest tearDown -->
  <testcase classname="com.dsalgo1.testCases.Baseclass" name="@BeforeTest Startbrowser" time="0.0">
    <ignored/>
  </testcase> <!-- @BeforeTest Startbrowser -->
  <testcase classname="com.dsalgo1.testCases.Baseclass" name="@BeforeTest Startbrowser" time="0.0">
    <ignored/>
  </testcase> <!-- @BeforeTest Startbrowser -->
  <testcase classname="com.dsalgo1.testCases.Baseclass" name="@BeforeTest Startbrowser" time="0.0">
    <ignored/>
  </testcase> <!-- @BeforeTest Startbrowser -->
  <testcase classname="com.dsalgo1.testCases.Baseclass" name="@BeforeTest Startbrowser" time="0.0">
    <ignored/>
  </testcase> <!-- @BeforeTest Startbrowser -->
  <testcase classname="com.dsalgo1.testCases.Baseclass" name="@BeforeTest Startbrowser" time="0.0">
    <ignored/>
  </testcase> <!-- @BeforeTest Startbrowser -->
</testsuite> <!-- Getstarted -->
