<?xml version="1.0" encoding="UTF-8"?>
<testng-results ignored="10" total="19" passed="9" failed="0" skipped="0">
  <reporter-output>
  </reporter-output>
  <suite started-at="2022-07-08T00:32:27 CDT" name="dsalgo1" finished-at="2022-07-08T00:33:11 CDT" duration-ms="43275">
    <groups>
    </groups>
    <test started-at="2022-07-08T00:32:27 CDT" name="Getstarted" finished-at="2022-07-08T00:33:11 CDT" duration-ms="43275">
      <class name="com.dsalgo1.testCases.Registerpage_TC1">
        <test-method signature="RegisterpageTest()[pri:0, instance:com.dsalgo1.testCases.Registerpage_TC1@2acbc859]" started-at="2022-07-08T00:32:45 CDT" name="RegisterpageTest" finished-at="2022-07-08T00:32:46 CDT" duration-ms="1015" status="PASS">
          <reporter-output>
          </reporter-output>
        </test-method> <!-- RegisterpageTest -->
      </class> <!-- com.dsalgo1.testCases.Registerpage_TC1 -->
      <class name="com.dsalgo1.testCases.Loginpage_TC1">
        <test-method signature="LoginpageTest(java.lang.String,java.lang.String)[pri:0, instance:com.dsalgo1.testCases.Loginpage_TC1@6ab7ce48]" started-at="2022-07-08T00:32:51 CDT" name="LoginpageTest" data-provider="Logindata" finished-at="2022-07-08T00:32:52 CDT" duration-ms="787" status="PASS">
          <params>
            <param index="0">
              <value>
                <![CDATA[Sunita123]]>
              </value>
            </param>
            <param index="1">
              <value>
                <![CDATA[Ayushi]]>
              </value>
            </param>
          </params>
          <reporter-output>
          </reporter-output>
        </test-method> <!-- LoginpageTest -->
        <test-method signature="LoginpageTest(java.lang.String,java.lang.String)[pri:0, instance:com.dsalgo1.testCases.Loginpage_TC1@6ab7ce48]" started-at="2022-07-08T00:32:52 CDT" name="LoginpageTest" data-provider="Logindata" finished-at="2022-07-08T00:32:53 CDT" duration-ms="697" status="PASS">
          <params>
            <param index="0">
              <value>
                <![CDATA[Sunita222]]>
              </value>
            </param>
            <param index="1">
              <value>
                <![CDATA[Mishra222]]>
              </value>
            </param>
          </params>
          <reporter-output>
          </reporter-output>
        </test-method> <!-- LoginpageTest -->
        <test-method signature="LoginpageTest(java.lang.String,java.lang.String)[pri:0, instance:com.dsalgo1.testCases.Loginpage_TC1@6ab7ce48]" started-at="2022-07-08T00:32:53 CDT" name="LoginpageTest" data-provider="Logindata" finished-at="2022-07-08T00:32:54 CDT" duration-ms="1137" status="PASS">
          <params>
            <param index="0">
              <value>
                <![CDATA[msunita20]]>
              </value>
            </param>
            <param index="1">
              <value>
                <![CDATA[Ayushi@24]]>
              </value>
            </param>
          </params>
          <reporter-output>
          </reporter-output>
        </test-method> <!-- LoginpageTest -->
        <test-method signature="Loginvalidity()[pri:2, instance:com.dsalgo1.testCases.Loginpage_TC1@6ab7ce48]" started-at="2022-07-08T00:32:54 CDT" name="Loginvalidity" description="verify Signout button" finished-at="2022-07-08T00:32:54 CDT" duration-ms="106" status="PASS">
          <reporter-output>
          </reporter-output>
        </test-method> <!-- Loginvalidity -->
      </class> <!-- com.dsalgo1.testCases.Loginpage_TC1 -->
      <class name="com.dsalgo1.testCases.GetstartedPage_TC1">
        <test-method is-config="true" signature="Startbrowser(java.lang.String)[pri:0, instance:com.dsalgo1.testCases.GetstartedPage_TC1@50d951e7]" started-at="2022-07-08T00:32:30 CDT" name="Startbrowser" finished-at="2022-07-08T00:32:42 CDT" duration-ms="11866" status="PASS">
          <params>
            <param index="0">
              <value>
                <![CDATA[edge]]>
              </value>
            </param>
          </params>
          <reporter-output>
          </reporter-output>
        </test-method> <!-- Startbrowser -->
        <test-method signature="GetstartedTest()[pri:0, instance:com.dsalgo1.testCases.GetstartedPage_TC1@50d951e7]" started-at="2022-07-08T00:32:42 CDT" name="GetstartedTest" finished-at="2022-07-08T00:32:44 CDT" duration-ms="1636" status="PASS">
          <reporter-output>
          </reporter-output>
        </test-method> <!-- GetstartedTest -->
        <test-method is-config="true" signature="tearDown()[pri:0, instance:com.dsalgo1.testCases.GetstartedPage_TC1@50d951e7]" started-at="2022-07-08T00:33:09 CDT" name="tearDown" finished-at="2022-07-08T00:33:11 CDT" duration-ms="1092" status="PASS">
          <reporter-output>
          </reporter-output>
        </test-method> <!-- tearDown -->
      </class> <!-- com.dsalgo1.testCases.GetstartedPage_TC1 -->
      <class name="com.dsalgo1.testCases.Homepage_TC1">
        <test-method signature="HomePageTest()[pri:0, instance:com.dsalgo1.testCases.Homepage_TC1@459cfcca]" started-at="2022-07-08T00:32:44 CDT" name="HomePageTest" finished-at="2022-07-08T00:32:45 CDT" duration-ms="424" status="PASS">
          <reporter-output>
          </reporter-output>
        </test-method> <!-- HomePageTest -->
      </class> <!-- com.dsalgo1.testCases.Homepage_TC1 -->
      <class name="com.dsalgo1.testCases.Stackpage_TC1">
        <test-method signature="StackpageTest()[pri:0, instance:com.dsalgo1.testCases.Stackpage_TC1@e322ec9]" started-at="2022-07-08T00:33:05 CDT" name="StackpageTest" finished-at="2022-07-08T00:33:09 CDT" duration-ms="4563" status="PASS">
          <reporter-output>
          </reporter-output>
        </test-method> <!-- StackpageTest -->
      </class> <!-- com.dsalgo1.testCases.Stackpage_TC1 -->
      <class name="com.dsalgo1.testCases.LinkedlistPage_TC1">
        <test-method signature="LinkedlistPageTest()[pri:0, instance:com.dsalgo1.testCases.LinkedlistPage_TC1@2c6aed22]" started-at="2022-07-08T00:32:54 CDT" name="LinkedlistPageTest" finished-at="2022-07-08T00:33:05 CDT" duration-ms="11086" status="PASS">
          <reporter-output>
          </reporter-output>
        </test-method> <!-- LinkedlistPageTest -->
      </class> <!-- com.dsalgo1.testCases.LinkedlistPage_TC1 -->
    </test> <!-- Getstarted -->
  </suite> <!-- dsalgo1 -->
</testng-results>
